0 info it worked if it ends with ok
1 verbose cli [ '/usr/local/bin/node', '/usr/local/bin/npm', 'start' ]
2 info using npm@3.3.9
3 info using node@v4.2.1
4 verbose run-script [ 'prestart', 'start', 'poststart' ]
5 info lifecycle threejs-starter@1.0.0~prestart: threejs-starter@1.0.0
6 silly lifecycle threejs-starter@1.0.0~prestart: no script for prestart, continuing
7 info lifecycle threejs-starter@1.0.0~start: threejs-starter@1.0.0
8 verbose lifecycle threejs-starter@1.0.0~start: unsafe-perm in lifecycle true
9 verbose lifecycle threejs-starter@1.0.0~start: PATH: /usr/local/lib/node_modules/npm/bin/node-gyp-bin:/Users/mathis/Developpement/ddd-festival/node_modules/.bin:/Users/mathis/.rvm/gems/ruby-2.0.0-p643/bin:/Users/mathis/.rvm/gems/ruby-2.0.0-p643@global/bin:/Users/mathis/.rvm/rubies/ruby-2.0.0-p643/bin:/usr/local/bin:/usr/bin:/bin:/usr/sbin:/sbin:/Users/mathis/Documents/adt-bundle-mac-x86_64-20131030/sdk/tools:/Users/mathis/Documents/adt-bundle-mac-x86_64-20131030/sdk/platform-tools:/Users/mathis/.rvm/bin
10 verbose lifecycle threejs-starter@1.0.0~start: CWD: /Users/mathis/Developpement/ddd-festival
11 silly lifecycle threejs-starter@1.0.0~start: Args: [ '-c', 'npm run dev' ]
12 silly lifecycle threejs-starter@1.0.0~start: Returned: code: 1  signal: null
13 info lifecycle threejs-starter@1.0.0~start: Failed to exec start script
14 verbose stack Error: threejs-starter@1.0.0 start: `npm run dev`
14 verbose stack Exit status 1
14 verbose stack     at EventEmitter.<anonymous> (/usr/local/lib/node_modules/npm/lib/utils/lifecycle.js:233:16)
14 verbose stack     at emitTwo (events.js:87:13)
14 verbose stack     at EventEmitter.emit (events.js:172:7)
14 verbose stack     at ChildProcess.<anonymous> (/usr/local/lib/node_modules/npm/lib/utils/spawn.js:24:14)
14 verbose stack     at emitTwo (events.js:87:13)
14 verbose stack     at ChildProcess.emit (events.js:172:7)
14 verbose stack     at maybeClose (internal/child_process.js:818:16)
14 verbose stack     at Process.ChildProcess._handle.onexit (internal/child_process.js:211:5)
15 verbose pkgid threejs-starter@1.0.0
16 verbose cwd /Users/mathis/Developpement/ddd-festival
17 error Darwin 16.0.0
18 error argv "/usr/local/bin/node" "/usr/local/bin/npm" "start"
19 error node v4.2.1
20 error npm  v3.3.9
21 error code ELIFECYCLE
22 error threejs-starter@1.0.0 start: `npm run dev`
22 error Exit status 1
23 error Failed at the threejs-starter@1.0.0 start script 'npm run dev'.
23 error This is most likely a problem with the threejs-starter package,
23 error not with npm itself.
23 error Tell the author that this fails on your system:
23 error     npm run dev
23 error You can get their info via:
23 error     npm owner ls threejs-starter
23 error There is likely additional logging output above.
24 verbose exit [ 1, true ]
